Uncle Fong 芳叔 第一时间让食客品尝到最新鲜健康的美味
10-20万
100家门店
15平标准店面
主营项目：餐饮管理
公司名称：深圳市芳叔餐饮管理有限公司
3年11个月
2015年07月成立
广东 总部所在地
10家
直营店
90家
加盟店
5年
合同期限
https://www.mxj.com.cn/brands/12585.html
==============================
麻桌辣凳 麻、辣、香、混一锅
10-20万
29家门店
80平标准店面
主营项目：餐饮企业管理,企业管理咨询,企业形象策划,市场营销策划,会议及展览服务；
公司名称：秦皇岛冠腾餐饮管理有限公司
4年5个月
2015年01月成立
河北 总部所在地
9家
直营店
20家
加盟店
--
合同期限
https://www.mxj.com.cn/brands/8134.html
==============================
佬香翁 为人们奉献味美健康的红薯产品
10万以下
150家门店
20平标准店面
主营项目：餐饮企业管理及管理咨询
公司名称：西安佬香翁餐饮管理有限公司
9年11个月
2009年07月成立
陕西 总部所在地
50家
直营店
100家
加盟店
--
合同期限
https://www.mxj.com.cn/brands/8683.html
==============================
菇业公社 菌香味美不可多得！
10-20万
200家门店
20平标准店面
主营项目：菌菇酱,调味酱,菌类饮料
公司名称：河南省菇业公社食品有限公司
8年11个月
2010年07月成立
河南 总部所在地
100家
直营店
100家
加盟店
--
合同期限
https://www.mxj.com.cn/brands/8522.html
==============================
辣丁派捞汁小海鲜
10万以下
500家门店
8平标准店面
主营项目：餐饮,海鲜
公司名称：山东辣伴鲜餐饮管理咨询有限公司
1年9个月
2017年09月成立
山东 总部所在地
10家
直营店
490家
加盟店
3年
合同期限
https://www.mxj.com.cn/brands/5086.html
==============================
花舍咖餐厅
101-200万
26家门店
300平标准店面
主营项目：咖啡
公司名称：花舍餐饮管理（北京）有限公司
14年8个月
2004年11月成立
-- 总部所在地
20家
直营店
6家
加盟店
5年
合同期限
https://www.mxj.com.cn/brands/4881.html
==============================
饭美美 安全的“冷链鲜食”
10万以下
250家门店
2平标准店面
主营项目：餐饮自动售卖终端
公司名称：饭美美网络科技（北京）有限公司
3年9个月
2015年09月成立
北京 总部所在地
200家
直营店
50家
加盟店
3年
合同期限
https://www.mxj.com.cn/brands/4264.html
==============================
壹号土猪 不只好吃、还更安全
10万以下
487家门店
未知平标准店面
主营项目：生猪、猪肉、鸡、鸡蛋、鸭、鸭蛋、肉牛、牛肉收购、销售；收购：农畜产品（除烟草批发
公司名称：广东壹号食品股份有限公司
12年6个月
2007年01月成立
广东 总部所在地
2家
直营店
485家
加盟店
--
合同期限
https://www.mxj.com.cn/brands/6207.html
==============================
新四方 以顾客需求为中心，创新标准，重目标、重执行、重效率，追求更高
10万以下
129家门店
500平标准店面
主营项目：快餐店的快餐供应、中央厨房、食品的批发、零售。
公司名称：宁波海曙新四方美食有限公司
15年8个月
2003年10月成立
浙江 总部所在地
86家
直营店
43家
加盟店
--
合同期限
https://www.mxj.com.cn/brands/6496.html
==============================
香猫 成功加盟 生意蒸蒸日上
10-20万
35家门店
40平标准店面
主营项目：咖啡配料,咖啡厅用品的研发,咖啡原物料,咖啡厅用品的批发,零售,咖啡厅的室内设计
公司名称：宁波香猫咖啡有限公司
12年3个月
2007年03月成立
浙江 总部所在地
5家
直营店
30家
加盟店
--
合同期限
https://www.mxj.com.cn/brands/6347.html
==============================
N多
10-20万
1000家门店
20平标准店面
主营项目：西餐,小吃
公司名称：常州恩多餐饮管理有限公司
7年6个月
2011年12月成立
-- 总部所在地
10家
直营店
990家
加盟店
3年
合同期限
https://www.mxj.com.cn/brands/3750.html
==============================
味知香便捷菜 健康时尚又美味 购餐新体验
10-20万
32家门店
30平标准店面
主营项目：快餐
公司名称：苏州味知香食品有限公司
10年6个月
2008年12月成立
江苏 总部所在地
1家
直营店
31家
加盟店
--
合同期限
https://www.mxj.com.cn/brands/8936.html
==============================
睿健卡路里 专业健身餐 燃烧你的卡路里
10万以下
21家门店
20平标准店面
主营项目：餐饮企业管理服务,餐饮服务等
公司名称：金华热浪餐饮管理有限公司
1年10个月
2017年08月成立
浙江 总部所在地
1家
直营店
20家
加盟店
--
合同期限
https://www.mxj.com.cn/brands/6929.html
==============================
越里福越南餐厅 品着越丽的异域美食，回味着购物的快感
10万以下
1家门店
50平标准店面
主营项目：汤粉,河粉
公司名称：越奇鑫（上海）餐饮管理有限公司
3年5个月
2016年01月成立
上海 总部所在地
1家
直营店
0家
加盟店
--
合同期限
https://www.mxj.com.cn/brands/6781.html
==============================
偶滴菜 打造真正意义的智慧餐厅
10-20万
20家门店
主营项目：智能云餐厅
公司名称：北京猫搜科技有限公司
6年10个月
2012年08月成立
北京 总部所在地
10家
直营店
10家
加盟店
3年
合同期限
https://www.mxj.com.cn/brands/6524.html
==============================
